[RenderHeader] Not handled
[Document] Not Handled
[cr()] LH=14
[Heading (1, entering)] {1  false}
-[Text] Russian Phrases
-[Heading (leaving)] 
-[cr()] LH=29
[Unordered List (entering)] {16 true 0 0 [] false}
[... List Left Margin] set to 58.338
-[Unordered Item (entering) #1] {16 false 45 46 [] false}
-[cr()] LH=14
--[Paragraph (entering)] 
--[... Margins (left, top, right, bottom:] 98.322 28.35 28.35 56.7
--[First Para within a list] breaking
--[Text] First phrase is: "—ъешь же ещЄ этих м€гких французских булок, да выпей чаю", which means "Eat these soft French rolls and drink some tea"
--[Paragraph (leaving)] 
--[... Margins (left, top, right, bottom:] 98.322 28.35 28.35 56.7
--[Unordered Item (leaving)] {16 false 45 46 [] false}
-[Unordered Item (entering) #2] {0 false 45 46 [] false}
-[cr()] LH=14
--[Paragraph (entering)] 
--[... Margins (left, top, right, bottom:] 98.322 28.35 28.35 56.7
--[First Para within a list] breaking
--[Text] The second is: "¬любитьс€ можно в красоту, но полюбить Ц лишь только душу!", which means "You can fall in love with beauty, but love is only a soul!"
--[Paragraph (leaving)] 
--[... Margins (left, top, right, bottom:] 98.322 28.35 28.35 56.7
--[Unordered Item (leaving)] {0 false 45 46 [] false}
-[Unordered Item (entering) #3] {32 false 45 46 [] false}
-[cr()] LH=14
--[Paragraph (entering)] 
--[... Margins (left, top, right, bottom:] 98.322 28.35 28.35 56.7
--[First Para within a list] breaking
--[Text] Finally, "ћолоко и творог", which means "Milk and cottage cheese"
--[Paragraph (leaving)] 
--[... Margins (left, top, right, bottom:] 98.322 28.35 28.35 56.7
--[Unordered Item (leaving)] {32 false 45 46 [] false}
-[Unordered List (leaving)] {16 true 0 0 [] false}
-[... Reset List Left Margin] re-set to 28.35
[cr()] LH=14
[Paragraph (entering)] 
[... Margins (left, top, right, bottom:] 28.35 28.35 28.35 56.7
[cr()] LH=14
[Text] That's all folks!
[Paragraph (leaving)] 
[... Margins (left, top, right, bottom:] 28.35 28.35 28.35 56.7
[cr()] LH=14
[Document] Not Handled
[RenderFooter] Not handled
